<?xml version="1.0" encoding="UTF-8"?>
<testsuite xmlns:xsi="http://www.w3.org/2001/XMLSchema-instance" xsi:noNamespaceSchemaLocation="https://maven.apache.org/surefire/maven-surefire-plugin/xsd/surefire-test-report-3.0.xsd" version="3.0" name="com.escape.command.CommandParserTest" time="0.026" tests="11" errors="0" skipped="0" failures="0">
  <properties>
[...]
</properties>
  <testcase name="testInventoryCommand" classname="com.escape.command.CommandParserTest" time="0.003"/>
  <testcase name="testFightCommand" classname="com.escape.command.CommandParserTest" time="0.001"/>
  <testcase name="testUnknownCommandReturnsErrorHandler" classname="com.escape.command.CommandParserTest" time="0.003"/>
  <testcase name="testEmptyInput" classname="com.escape.command.CommandParserTest" time="0.001"/>
  <testcase name="testUseCommand" classname="com.escape.command.CommandParserTest" time="0.001"/>
  <testcase name="testQuitCommand" classname="com.escape.command.CommandParserTest" time="0.001"/>
  <testcase name="testLookCommand" classname="com.escape.command.CommandParserTest" time="0.002"/>
  <testcase name="testHelpCommand" classname="com.escape.command.CommandParserTest" time="0.001"/>
  <testcase name="testSingleLetterDirections" classname="com.escape.command.CommandParserTest" time="0.002"/>
  <testcase name="testTakeCommand" classname="com.escape.command.CommandParserTest" time="0.001"/>
  <testcase name="testGoCommand" classname="com.escape.command.CommandParserTest" time="0.001"/>
</testsuite>